Сборка начата 21.02.2025 16:54:41.
Уровень детализации журнала: Normal.     1>Проект "C:\Users\Manmade\Desktop\4sem\MP\Lab code\lab_2\lab2.1\lab2.1.vcxproj" в узле 2 (целевые объекты Build).
     1>PrepareForBuild:
         Структурированный вывод включен. Форматирование диагностики компилятора будет отражать иерархию ошибок. Подробнее см. https://aka.ms/cpp/structured-output.
       InitializeBuildStatus:
         Обращение к "x64\Debug\lab2.1.tlog\unsuccessfulbuild".
       ClCompile:
         C:\Program Files\Microsoft Visual Studio\2022\Community\VC\Tools\MSVC\14.41.34120\bin\HostX64\x64\CL.exe /c /ZI /JMC /nologo /W3 /WX- /diagnostics:column /sdl /Od /D _DEBUG /D _CONSOLE /D _UNICODE /D UNICODE /Gm- /EHsc /RTC1 /MDd /GS /fp:precise /Zc:wchar_t /Zc:forScope /Zc:inline /permissive- /Fo"x64\Debug\\" /Fd"x64\Debug\vc143.pdb" /external:W3 /Gd /TP /FC /errorReport:prompt Combi.cpp Knapsack.cpp lab2.1.cpp
         Combi.cpp
     1>C:\Users\Manmade\Desktop\4sem\MP\Lab code\lab_2\lab2.1\Combi.cpp(40,37): warning C4334: <<: результат 32-разрядного смещения неявно преобразуется в 64-разрядное значение (предполагалось 64-разрядное смещение?)
         Knapsack.cpp
         lab2.1.cpp
         Создание кода...
       Link:
         C:\Program Files\Microsoft Visual Studio\2022\Community\VC\Tools\MSVC\14.41.34120\bin\HostX64\x64\link.exe /ERRORREPORT:PROMPT /OUT:"C:\Users\Manmade\Desktop\4sem\MP\Lab code\lab_2\x64\Debug\lab2.1.exe" /INCREMENTAL /ILK:"x64\Debug\lab2.1.ilk" /NOLOGO kernel32.lib user32.lib gdi32.lib winspool.lib comdlg32.lib advapi32.lib shell32.lib ole32.lib oleaut32.lib uuid.lib odbc32.lib odbccp32.lib /MANIFEST /MANIFESTUAC:"level='asInvoker' uiAccess='false'" /manifest:embed /DEBUG /PDB:"C:\Users\Manmade\Desktop\4sem\MP\Lab code\lab_2\x64\Debug\lab2.1.pdb" /SUBSYSTEM:CONSOLE /TLBID:1 /DYNAMICBASE /NXCOMPAT /IMPLIB:"C:\Users\Manmade\Desktop\4sem\MP\Lab code\lab_2\x64\Debug\lab2.1.lib" /MACHINE:X64 x64\Debug\Combi.obj
         x64\Debug\Knapsack.obj
         x64\Debug\lab2.1.obj
         lab2.1.vcxproj -> C:\Users\Manmade\Desktop\4sem\MP\Lab code\lab_2\x64\Debug\lab2.1.exe
       FinalizeBuildStatus:
         Файл "x64\Debug\lab2.1.tlog\unsuccessfulbuild" удаляется.
         Обращение к "x64\Debug\lab2.1.tlog\lab2.1.lastbuildstate".
     1>Сборка проекта "C:\Users\Manmade\Desktop\4sem\MP\Lab code\lab_2\lab2.1\lab2.1.vcxproj" завершена (целевые объекты Build).

Сборка успешно завершена.

       "C:\Users\Manmade\Desktop\4sem\MP\Lab code\lab_2\lab2.1\lab2.1.vcxproj" (целевой объект Build ) (1) ->
       (Целевой объект ClCompile) -> 
         C:\Users\Manmade\Desktop\4sem\MP\Lab code\lab_2\lab2.1\Combi.cpp(40,37): warning C4334: <<: результат 32-разрядного смещения неявно преобразуется в 64-разрядное значение (предполагалось 64-разрядное смещение?)

    Предупреждений: 1
    Ошибок: 0

Прошло времени 00:00:00.88
